<?xml version="1.0" encoding="UTF-8"?>
<!-- Generated by org.testng.reporters.JUnitReportReporter -->
<testsuite hostname="SONY" name="com.practice.automation.DemoTestng" tests="1" failures="0" timestamp="20 Oct 2022 17:49:11 GMT" time="0.037" errors="0">
  <testcase name="createDemo" time="0.037" classname="com.practice.automation.DemoTestng"/>
</testsuite> <!-- com.practice.automation.DemoTestng -->
